<?xml version="1.0" encoding="UTF-8"?>
<!-- Generated by org.testng.reporters.JUnitXMLReporter -->
<testsuite hostname="DESKTOP-GJA9UDI" ignored="2" name="Test_All" tests="3" failures="1" timestamp="2022-06-03T15:46:37 IST" time="60.858" errors="0">
  <testcase name="verifyCreateAccountTest" time="27.624" classname="com.mystore.testcases.AccountCreationPageTest">
    <failure type="java.lang.AssertionError" message="expected [true] but found [false]">
      <![CDATA[java.lang.AssertionError: expected [true] but found [false]
at com.mystore.testcases.AccountCreationPageTest.verifyCreateAccountTest(AccountCreationPageTest.java:43)
at java.util.ArrayList.forEach(ArrayList.java:1259)
... Removed 31 stack frames]]>
    </failure>
  </testcase> <!-- verifyCreateAccountTest -->
  <testcase name="verifyLogo" time="0.141" classname="com.mystore.testcases.IndexPageTest"/>
  <testcase name="verifyTitle" time="0.014" classname="com.mystore.testcases.IndexPageTest"/>
  <testcase name="@AfterSuite afterSuite" time="0.0" classname="com.mystore.base.BaseClass">
    <ignored/>
  </testcase> <!-- @AfterSuite afterSuite -->
  <testcase name="@BeforeSuite loadConfig" time="0.0" classname="com.mystore.base.BaseClass">
    <ignored/>
  </testcase> <!-- @BeforeSuite loadConfig -->
</testsuite> <!-- Test_All -->
